[Licensing::Module] Trying to connect to existing licensing client channel...
Built from '6000.5/staging' branch; Version is '6000.5.1f1 (0d9463e84828) revision 889955'; Using compiler version '194234433'; Build Type 'Release'
[Licensing::IpcConnector] Successfully connected to: "LicenseClient-sergi" at "2026-06-29T15:55:39.0807072Z"
OS: 'Windows 11  (10.0.26200) Professional' Language: 'de' Physical Memory: 32189 MB
BatchMode: 0, IsHumanControllingUs: 1, StartBugReporterOnCrash: 1, Is64bit: 1
System  architecture: x64
Process architecture: x64
Date: 2026-06-29T15:55:39Z

COMMAND LINE ARGUMENTS:
C:\Program Files\Unity\Hub\Editor\6000.5.1f1\Editor\Unity.exe
-projectpath
C:\Users\sergi\Documents\GitHub\balls
-acceptSoftwareTermsForThisRunOnly
-useHub
-hubIPC
-cloudEnvironment
production
-licensingIpc
LicenseClient-sergi
-hubSessionId
3f52e7a3-2ca8-4e8f-8589-1f8b8af233cc
-accessToken
RU1NyFxj2G2fi0w92vQUUbxRnbFGn6JXq0yipcwpofc008f
Successfully changed project path to: C:\Users\sergi\Documents\GitHub\balls
C:/Users/sergi/Documents/GitHub/balls
[UnityMemory] Configuration Parameters - Can be set up in boot.config
    "memorysetup-temp-allocator-size-gi-baking-worker=262144"
    "memorysetup-temp-allocator-size-gi-baking-worker=262144"
    "memorysetup-temp-allocator-size-gi-baking-worker=262144"
    "memorysetup-temp-allocator-size-gi-baking-worker=262144"
    "memorysetup-temp-allocator-size-gi-baking-worker=262144"
    "memorysetup-temp-allocator-size-nav-mesh-worker=65536"
    "memorysetup-temp-allocator-size-audio-worker=65536"
    "memorysetup-temp-allocator-size-cloud-worker=32768"
    "memorysetup-temp-allocator-size-gfx=262144"
    "memorysetup-temp-allocator-size-preload-manager=33554432"
    "memorysetup-allocator-temp-initial-block-size-main=262144"
    "memorysetup-allocator-temp-initial-block-size-worker=262144"
    "memorysetup-temp-allocator-size-job-worker=262144"
    "memorysetup-temp-allocator-size-background-worker=32768"
    "memorysetup-bucket-allocator-granularity=16"
    "memorysetup-bucket-allocator-bucket-count=8"
    "memorysetup-bucket-allocator-block-size=33554432"
    "memorysetup-bucket-allocator-block-count=8"
    "memorysetup-main-allocator-block-size=16777216"
    "memorysetup-thread-allocator-block-size=16777216"
    "memorysetup-main-allocator-mimalloc-enabled=0"
    "memorysetup-gfx-main-allocator-block-size=16777216"
    "memorysetup-gfx-thread-allocator-block-size=16777216"
    "memorysetup-cache-allocator-block-size=4194304"
    "memorysetup-typetree-allocator-block-size=2097152"
    "memorysetup-profiler-bucket-allocator-granularity=16"
    "memorysetup-profiler-bucket-allocator-bucket-count=8"
    "memorysetup-profiler-bucket-allocator-block-size=33554432"
    "memorysetup-profiler-bucket-allocator-block-count=8"
    "memorysetup-profiler-allocator-block-size=16777216"
    "memorysetup-profiler-editor-allocator-block-size=1048576"
    "memorysetup-temp-allocator-size-main=16777216"
    "memorysetup-job-temp-allocator-block-size=2097152"
    "memorysetup-job-temp-allocator-block-size-background=1048576"
    "memorysetup-job-temp-allocator-reduction-small-platforms=262144"
Player connection [29196]  Target information:

Player connection [29196]  * "[IP] 192.168.56.1 [Port] 55504 [Flags] 2 [Guid] 49925443 [EditorId] 49925443 [Version] 1048832 [Id] WindowsEditor(7,Sergius-Laptop) [Debug] 1 [PackageName] WindowsEditor [ProjectName] Editor" 

Player connection [29196]  * "[IP] 192.168.178.149 [Port] 55504 [Flags] 2 [Guid] 49925443 [EditorId] 49925443 [Version] 1048832 [Id] WindowsEditor(7,Sergius-Laptop) [Debug] 1 [PackageName] WindowsEditor [ProjectName] Editor" 

Player connection [29196] Host joined multi-casting on [225.0.0.222:54997]...
Player connection [29196] Host joined alternative multi-casting on [225.0.0.222:34997]...
Input System module state changed to: Initialized.
[Physics::Module] Initialized fallback backend.
[Physics::Module] Id: 0xdecafbad
[Package Manager] Connected to IPC stream "Upm-3028" after 0.2 seconds.
[Licensing::Module] Licensing is not yet initialized.
[Licensing::Client] Error: HandshakeResponse reported an error:
	ResponseCode: 505
	ResponseStatus: Unsupported protocol version '1.18.1'.
[Licensing::Module] Error: Failed to handshake to channel: "LicenseClient-sergi"
[Licensing::IpcConnector] LicenseClient-sergi channel disconnected successfully.
[Licensing::IpcConnector] Channel LicenseClient-sergi-6000.5.1 doesn't exist
[Licensing::Module] Successfully launched the LicensingClient (PId: 36212)
Starting IPC server.
[Licensing::IpcConnector] Successfully connected to: "LicenseClient-sergi-6000.5.1" at "2026-06-29T15:55:40.3380882Z"
[Licensing::Client] Code 10 while verifying Licensing Client signature (process Id: 36212, path: "C:/Program Files/Unity/Hub/Editor/6000.5.1f1/Editor/Data/Resources/Licensing/Client/Unity.Licensing.Client.exe")
[Licensing::Module] LicensingClient has failed validation; ignoring
Waiting for clients to connect on \\.\pipe\Unity-LicenseClient-sergi-6000.5.1, press Ctrl-C to exit.
[Licensing::Client] Handshaking with LicensingClient:
  Version:                 1.18.1+9fbee8e
  Session Id:              f1f2b375f774451fb52a3dd2bcee4c29
  Correlation Id:          87b64ca690c31b96266065ac42a82ed7
  External correlation Id: 7409477643220823490
  Machine Id:              xrl2/uZIKZBQrD+SGxE8QWCvJ8U=
[Licensing::Module] Successfully connected to LicensingClient on channel: "LicenseClient-sergi-6000.5.1" (connect: 0.37s, validation: 0.44s, handshake: 0.01s)
[Licensing::IpcConnector] Successfully connected to: "LicenseClient-sergi-6000.5.1-notifications" at "2026-06-29T15:55:40.7846955Z"
[Licensing::Module] Connected to LicensingClient (PId: 36212, launch time: 0.01, total connection time: 0.82s)
[Licensing::Client] Successfully updated the access token
[Licensing::Module] Successfully updated the access token RU1NyFxj2G...
[Licensing::Client] Successfully resolved entitlement details
[Licensing::Module] License group:
  Id: 9072411395261-UnityPersXXXX
  Product: Unity Personal
  Type: Assigned
  Expiration: Unlimited
[Licensing::Client] Successfully updated license, isAsync: True, time: 0.02
[Licensing::Client] Successfully resolved entitlement details
[Licensing::Module] Licensing Background thread has ended after 1.87s
[Licensing::Module] Licensing is initialized (took 1.13s).
[Licensing::Client] Successfully resolved entitlement details
Library Redirect Path: Library/
[Physics::Module] Selected backend.
[Physics::Module] Name: PhysX
[Physics::Module] Id: 0xf2b8ea05
[Physics::Module] SDK Version: 4.1.2
[Physics::Module] Integration Version: 1.0.0
[Physics::Module] Threading Mode: Multi-Threaded
Initialize engine version: 6000.5.1f1 (0d9463e84828)
[Subsystems] Discovering subsystems at path C:/Program Files/Unity/Hub/Editor/6000.5.1f1/Editor/Data/Resources/UnitySubsystems
[Subsystems] Discovering subsystems at path C:/Users/sergi/Documents/GitHub/balls/Assets
[D3D12 Device Filter] Vendor Name: Intel
[D3D12 Device Filter] Device Name: Intel(R) Arc(TM) Graphics
[D3D12 Device Filter] Driver Version: 32.0.101.8132
[D3D12 Device Filter] Feature Level: 12.2
[D3D12 Device Filter] Graphics Memory: 18347 MB
[D3D12 Device Filter] Processor Count: 22
[D3D12 Device Filter] Device Type: Integrated
[D3D12 Device Filter] D3D12 API denied by user filter(s): {"Vendor": "Intel", "Device Type:": Integrated}, but allowed by user filter(s): {"Feature Level Comparator": Greater Than Or Equal To"Feature Level": "12.2", "Device Type:": Integrated}
GfxDevice: creating device client; kGfxThreadingModeSplitJobs
d3d12: failed to query info queue interface (0x80004002).
Direct3D:
    Version:         Direct3D 12 [level 12.2]
    Renderer:        Intel(R) Arc(TM) Graphics (ID=0x7d55)
    Vendor:          Intel
    VRAM:            18347 MB
    App VRAM Budget: 17579 MB
    Driver:          32.0.101.8132
    Unified Memory Architecture
Initialize mono
Mono path[0] = 'C:/Program Files/Unity/Hub/Editor/6000.5.1f1/Editor/Data/Managed'
Mono path[1] = 'C:/Program Files/Unity/Hub/Editor/6000.5.1f1/Editor/Data/BCLExtensions/runtime/netstandard2.1'
Mono path[2] = 'C:/Program Files/Unity/Hub/Editor/6000.5.1f1/Editor/Data/MonoBleedingEdge/lib/mono/unityjit-win32'
Mono config path = 'C:/Program Files/Unity/Hub/Editor/6000.5.1f1/Editor/Data/MonoBleedingEdge/etc'
Using monoOptions --debugger-agent=transport=dt_socket,embedding=1,server=y,suspend=n,address=127.0.0.1:56028
CodeReloadManager initialized
ImportWorker Server TCP listen port: 0
AcceleratorClientConnectionCallback - disconnected - :0
Begin MonoManager ReloadAssembly
Registering precompiled unity dll's ...
Register platform support module: C:/Program Files/Unity/Hub/Editor/6000.5.1f1/Editor/Data/PlaybackEngines/WebGLSupport/UnityEditor.WebGL.Extensions.dll
Register platform support module: C:/Program Files/Unity/Hub/Editor/6000.5.1f1/Editor/Data/PlaybackEngines/WindowsStandaloneSupport/UnityEditor.WindowsStandalone.Extensions.dll
Registered in 0.003397 seconds.
Native extension for WindowsStandalone target not found
Native extension for WebGL target not found
Package Manager log level set to [2]
ScheduleIndexationOnStartup MainProcess:False IndexOnStartup:True
Mono: successfully reloaded assembly
- Finished resetting the current domain, in  0.378 seconds
Domain Reload Profiling: 887ms
	BeginReloadAssembly (136ms)
	RebuildCommonClasses (6ms)
	RebuildNativeTypeToScriptingClass (14ms)
	initialDomainReloadingComplete (75ms)
	LoadAllAssembliesAndSetupDomain (275ms)
		LoadAssemblies (132ms)
		AnalyzeDomain (192ms)
			TypeCache.Refresh (191ms)
				TypeCache.ScanAssembly (178ms)
	FinalizeReload (382ms)
		SetupLoadedEditorAssemblies (0ms)
			InitializePlatformSupportModulesInManaged (3ms)
			BeforeProcessingInitializeOnLoad (80ms)
			ProcessInitializeOnLoadAttributes (92ms)
			ProcessInitializeOnLoadMethodAttributes (135ms)
[Licensing::Client] Successfully resolved entitlement details
Application.AssetDatabase Initial Refresh Start
[Package Manager] Restoring resolved packages state from cache
[Licensing::Client] Successfully resolved entitlement details
[Package Manager] Registered 37 packages:
  Built-in packages:
    com.unity.multiplayer.center@1.0.1 (location: C:\Users\sergi\Documents\GitHub\balls\Library\PackageCache\com.unity.multiplayer.center@b860850997d0)
    com.unity.modules.accessibility@1.0.0 (location: C:\Users\sergi\Documents\GitHub\balls\Library\PackageCache\com.unity.modules.accessibility)
    com.unity.modules.adaptiveperformance@1.0.0 (location: C:\Users\sergi\Documents\GitHub\balls\Library\PackageCache\com.unity.modules.adaptiveperformance)
    com.unity.modules.ai@1.0.0 (location: C:\Users\sergi\Documents\GitHub\balls\Library\PackageCache\com.unity.modules.ai)
    com.unity.modules.androidjni@1.0.0 (location: C:\Users\sergi\Documents\GitHub\balls\Library\PackageCache\com.unity.modules.androidjni)
    com.unity.modules.animation@1.0.0 (location: C:\Users\sergi\Documents\GitHub\balls\Library\PackageCache\com.unity.modules.animation)
    com.unity.modules.assetbundle@1.0.0 (location: C:\Users\sergi\Documents\GitHub\balls\Library\PackageCache\com.unity.modules.assetbundle)
    com.unity.modules.audio@1.0.0 (location: C:\Users\sergi\Documents\GitHub\balls\Library\PackageCache\com.unity.modules.audio)
    com.unity.modules.cloth@1.0.0 (location: C:\Users\sergi\Documents\GitHub\balls\Library\PackageCache\com.unity.modules.cloth)
    com.unity.modules.director@1.0.0 (location: C:\Users\sergi\Documents\GitHub\balls\Library\PackageCache\com.unity.modules.director)
    com.unity.modules.imageconversion@1.0.0 (location: C:\Users\sergi\Documents\GitHub\balls\Library\PackageCache\com.unity.modules.imageconversion)
    com.unity.modules.imgui@1.0.0 (location: C:\Users\sergi\Documents\GitHub\balls\Library\PackageCache\com.unity.modules.imgui)
    com.unity.modules.jsonserialize@1.0.0 (location: C:\Users\sergi\Documents\GitHub\balls\Library\PackageCache\com.unity.modules.jsonserialize)
    com.unity.modules.particlesystem@1.0.0 (location: C:\Users\sergi\Documents\GitHub\balls\Library\PackageCache\com.unity.modules.particlesystem)
    com.unity.modules.physics@1.0.0 (location: C:\Users\sergi\Documents\GitHub\balls\Library\PackageCache\com.unity.modules.physics)
    com.unity.modules.physics2d@1.0.0 (location: C:\Users\sergi\Documents\GitHub\balls\Library\PackageCache\com.unity.modules.physics2d)
    com.unity.modules.physicscore2d@1.0.0 (location: C:\Users\sergi\Documents\GitHub\balls\Library\PackageCache\com.unity.modules.physicscore2d)
    com.unity.modules.screencapture@1.0.0 (location: C:\Users\sergi\Documents\GitHub\balls\Library\PackageCache\com.unity.modules.screencapture)
    com.unity.modules.terrain@1.0.0 (location: C:\Users\sergi\Documents\GitHub\balls\Library\PackageCache\com.unity.modules.terrain)
    com.unity.modules.terrainphysics@1.0.0 (location: C:\Users\sergi\Documents\GitHub\balls\Library\PackageCache\com.unity.modules.terrainphysics)
    com.unity.modules.tilemap@1.0.0 (location: C:\Users\sergi\Documents\GitHub\balls\Library\PackageCache\com.unity.modules.tilemap)
    com.unity.modules.ui@1.0.0 (location: C:\Users\sergi\Documents\GitHub\balls\Library\PackageCache\com.unity.modules.ui)
    com.unity.modules.uielements@1.0.0 (location: C:\Users\sergi\Documents\GitHub\balls\Library\PackageCache\com.unity.modules.uielements)
    com.unity.modules.umbra@1.0.0 (location: C:\Users\sergi\Documents\GitHub\balls\Library\PackageCache\com.unity.modules.umbra)
    com.unity.modules.unityanalytics@1.0.0 (location: C:\Users\sergi\Documents\GitHub\balls\Library\PackageCache\com.unity.modules.unityanalytics)
    com.unity.modules.unitywebrequest@1.0.0 (location: C:\Users\sergi\Documents\GitHub\balls\Library\PackageCache\com.unity.modules.unitywebrequest)
    com.unity.modules.unitywebrequestassetbundle@1.0.0 (location: C:\Users\sergi\Documents\GitHub\balls\Library\PackageCache\com.unity.modules.unitywebrequestassetbundle)
    com.unity.modules.unitywebrequestaudio@1.0.0 (location: C:\Users\sergi\Documents\GitHub\balls\Library\PackageCache\com.unity.modules.unitywebrequestaudio)
    com.unity.modules.unitywebrequesttexture@1.0.0 (location: C:\Users\sergi\Documents\GitHub\balls\Library\PackageCache\com.unity.modules.unitywebrequesttexture)
    com.unity.modules.unitywebrequestwww@1.0.0 (location: C:\Users\sergi\Documents\GitHub\balls\Library\PackageCache\com.unity.modules.unitywebrequestwww)
    com.unity.modules.vectorgraphics@1.0.0 (location: C:\Users\sergi\Documents\GitHub\balls\Library\PackageCache\com.unity.modules.vectorgraphics)
    com.unity.modules.vehicles@1.0.0 (location: C:\Users\sergi\Documents\GitHub\balls\Library\PackageCache\com.unity.modules.vehicles)
    com.unity.modules.video@1.0.0 (location: C:\Users\sergi\Documents\GitHub\balls\Library\PackageCache\com.unity.modules.video)
    com.unity.modules.wind@1.0.0 (location: C:\Users\sergi\Documents\GitHub\balls\Library\PackageCache\com.unity.modules.wind)
    com.unity.modules.xr@1.0.0 (location: C:\Users\sergi\Documents\GitHub\balls\Library\PackageCache\com.unity.modules.xr)
    com.unity.modules.subsystems@1.0.0 (location: C:\Users\sergi\Documents\GitHub\balls\Library\PackageCache\com.unity.modules.subsystems)
    com.unity.modules.hierarchycore@1.0.0 (location: C:\Users\sergi\Documents\GitHub\balls\Library\PackageCache\com.unity.modules.hierarchycore)
[Subsystems] No new subsystems found in resolved package list.
[Package Manager] Done registering packages in 0.18 seconds
info: Microsoft.Hosting.Lifetime[14]
      Now listening on: http://localhost:80
info: Microsoft.Hosting.Lifetime[0]
      Application started. Press Ctrl+C to shut down.
info: Microsoft.Hosting.Lifetime[0]
      Hosting environment: Production
info: Microsoft.Hosting.Lifetime[0]
      Content root path: C:\Users\sergi\Documents\GitHub\balls
info: Microsoft.AspNetCore.Hosting.Diagnostics[1]
      Request starting HTTP/2 POST http://ilpp/UnityILPP.PostProcessing/Ping - application/grpc -
info: Microsoft.AspNetCore.Routing.EndpointMiddleware[0]
      Executing endpoint 'gRPC - /UnityILPP.PostProcessing/Ping'
info: Microsoft.AspNetCore.Routing.EndpointMiddleware[1]
      Executed endpoint 'gRPC - /UnityILPP.PostProcessing/Ping'
info: Microsoft.AspNetCore.Hosting.Diagnostics[2]
      Request finished HTTP/2 POST http://ilpp/UnityILPP.PostProcessing/Ping - 200 - application/grpc 27.1303ms
Starting: C:\Program Files\Unity\Hub\Editor\6000.5.1f1\Editor\Data\Tools\BuildPipeline\bee_backend.exe --ipc --defer-dag-verification --dagfile="Library/Bee/1900b0aE.dag" --continue-on-failure --profile="Library/Bee/backend1.traceevents" ScriptAssemblies
WorkingDir: C:/Users/sergi/Documents/GitHub/balls
ExitCode: 0 Duration: 0s136ms
*** Tundra build success (0.06 seconds), 0 items updated, 169 evaluated
AssetDatabase: script compilation time: 0.555709s
Begin MonoManager ReloadAssembly
Native extension for WindowsStandalone target not found
Native extension for WebGL target not found
ScheduleIndexationOnStartup MainProcess:True IndexOnStartup:True
Mono: successfully reloaded assembly
- Finished resetting the current domain, in  0.422 seconds
Domain Reload Profiling: 915ms
	BeginReloadAssembly (324ms)
		DisableScriptedObjects (39ms)
		CreateAndSetChildDomain (142ms)
	RebuildCommonClasses (7ms)
	RebuildNativeTypeToScriptingClass (15ms)
	initialDomainReloadingComplete (46ms)
	LoadAllAssembliesAndSetupDomain (100ms)
		LoadAssemblies (103ms)
		AnalyzeDomain (10ms)
			TypeCache.Refresh (6ms)
			BuildScriptInfoCaches (3ms)
	FinalizeReload (425ms)
		SetupLoadedEditorAssemblies (0ms)
			BeforeProcessingInitializeOnLoad (76ms)
			ProcessInitializeOnLoadAttributes (93ms)
			ProcessInitializeOnLoadMethodAttributes (65ms)
			AfterProcessingInitializeOnLoad (9ms)
		AwakeInstancesAfterBackupRestoration (20ms)
Starting new worker id: 0 with log in C:/Users/sergi/Documents/GitHub/balls/Logs/AssetImportWorkerHW0.log

Asset Pipeline Refresh (id=491ba694d2df6d040ba46415b442bc9a): Total: 1.865 seconds - Initiated by InitialRefreshV2(ForceSynchronousImport)
	(Values over 0.05ms)
	Summary:
		Imports: total=0 (actual=0, local cache=0, cache server=0)
		Asset DB Process Time: managed=0 ms, native=557 ms
		Asset DB Callback time: managed=18 ms, native=186 ms
		Scripting: domain reloads=1, domain reload time=534 ms, compile time=558 ms, other=9 ms
		Project Asset Count: scripts=113, non-scripts=81
		Asset File Changes: new=0, changed=0, moved=0, deleted=0
		Scan Filter Count: 0
	InvokePackagesCallback: 188.585ms
	ApplyChangesToAssetFolders: 0.478ms
	Scan: 33.868ms
	Collect global state as custom dependencies: 2.807ms
	CategorizeScriptCompilationAssets: 0.228ms
	ProcessAssetsWithTransientArtifactChanges: 0.833ms
	CategorizeAssets: 1.393ms
	CompileScripts: 558.489ms
	ImportOutOfDateAssets: 449.427ms (426.085ms without children)
		UnloadImportedAssets: 0.086ms
		EnsureUptoDateAssetsAreRegisteredWithGuidPM: 0.056ms
		ImportSchedulerStart: 23.194ms
	PostProcessAllAssets: 18.980ms
		MonoPostProcessAllAssets: 18.916ms
			WindowAssetPostprocessingWatcher.OnPostprocessAllAssets 6.799ms
			SyncVS.PostprocessSyncProject 1.775ms
			SpeedTree9Postprocessor.OnPostprocessAllAssets 0.671ms
			ReferencedClipsPostProcessor.OnPostprocessAllAssets 0.311ms
			TerrainToolbarOverlayPostProcessor.OnPostprocessAllAssets 0.179ms
			AssetDatabaseCallbacks.OnPostprocessAllAssets 0.155ms
			RenderPipelineGlobalSettingsPostprocessor.OnPostprocessAllAssets 0.083ms
	UnloadStreamsBegin: 1.517ms
	GenerateScriptTypeHashes: 0.354ms
	GenerateScriptTypeSerializationHashes: 0.694ms
	Untracked: 585.495ms

Application.AssetDatabase Initial Refresh End
Launched and connected shader compiler UnityShaderCompiler.exe after 0.02 seconds
Scanning for USB devices : 4.342ms
Initializing Unity extensions:
[MODES] ModeService[none].Initialize
[MODES] ModeService[none].LoadModes
[MODES] Loading mode Default (0) for mode-current-id-balls
Unloading 3 Unused Serialized files (Serialized files now loaded: 0)
Unloading 76 unused Assets / (0.5 MB). Loaded Objects now: 730.
Memory consumption went from 205.5 MB to 205.0 MB.
Total: 5.054300 ms (FindLiveObjects: 0.068300 ms CreateObjectMapping: 0.030200 ms MarkObjects: 4.717700 ms  DeleteObjects: 0.232000 ms)

[LAYOUT] About to load UserSettings\Layouts\default-6000.dwlt, keepMainWindow=False
[LAYOUT] About to save layout C:\Users\sergi\Documents\GitHub\balls\UserSettings\Layouts\default-6000.dwlt
[LAYOUT] About to save layout C:/Users/sergi/AppData/Roaming/Unity/Editor-5.x/Preferences\Layouts\current\default-6000.dwlt
[MODES] ModeService[default].InitializeCurrentMode
[MODES] ModeService[default].RaiseModeChanged(default, default)
This project uses Input Manager, which is marked for deprecation. To manage input in your project, use the <a href="https://docs.unity3d.com/Packages/com.unity.inputsystem@latest">Input System package</a> instead.
<RI> Initializing input.
<RI> Input initialized.
[Project] Loading completed in 6.851 seconds
	Project init time: 				5.300 seconds
		Template init time: 		0.000 seconds
		Package Manager init time: 		1.388 seconds
		Asset Database init time: 		0.493 seconds
		Global illumination init time: 	0.003 seconds
		Assemblies load time: 			0.939 seconds
		Unity extensions init time: 	0.001 seconds
		Asset Database refresh time: 	1.866 seconds
	Scene opening time: 			1.004 seconds
##utp:{"type":"ProjectInfo","version":2,"phase":"Immediate","time":1782748545913,"processId":3028,"projectLoad":6.851188,"projectInit":5.2997446,"templateInit":0.0,"packageManagerInit":1.3879847,"assetDatabaseInit":0.4933332,"globalIlluminationInit":0.0028523,"assembliesLoad":0.9392819,"unityExtensionsInit":0.0007524,"assetDatabaseRefresh":1.8656034,"sceneOpening":1.0042172}
##utp:{"type":"EditorInfo","version":2,"phase":"Immediate","time":1782748545913,"processId":3028,"editorVersion":"6000.5.1f1 (0d9463e84828)","branch":"6000.5/staging","buildType":"Release","platform":"Windows"}
Worker ready: AssetImportWorkerHW0 0
Asset Pipeline Refresh (id=525c1d64d107cdc40951ee34ced787c9): Total: 0.070 seconds - Initiated by RefreshV2(AllowForceSynchronousImport)
Dynamic Batching is deprecated and will be removed in a future release. Use GPU Instancing instead. Disable Dynamic Batching in Project Settings > Player > Other Settings to remove this warning.
UnityEngine.Debug:ExtractStackTraceNoAlloc (byte*,int,string)
UnityEngine.StackTraceUtility:ExtractStackTrace ()
UnityEngine.DebugLogHandler:Internal_Log (UnityEngine.LogType,UnityEngine.LogOption,string,UnityEngine.Object)
UnityEngine.DebugLogHandler:LogFormat (UnityEngine.LogType,UnityEngine.Object,string,object[])
UnityEngine.Logger:Log (UnityEngine.LogType,object)
UnityEngine.Debug:LogWarning (object)
UnityEditor.PlayerSettingsBatchingWarning:WarnIfDynamicBatchingEnabled ()
UnityEditor.EditorApplication:Internal_CallUpdateFunctions ()

[Licensing::Client] Successfully updated the access token
[Licensing::Module] Successfully updated access token: "RU1NyFxj"... (expires: 2026-06-29T16:40:35Z)
Created GICache directory at C:/Users/sergi/AppData/LocalLow/Unity/Caches/GiCache. Took: 0.033s, timestamps: [8.810 - 8.843]
[Licensing::Client] Successfully resolved entitlement details
[Licensing::Client] Successfully resolved entitlement details
Asset Pipeline Refresh (id=fe6c34b3075ff9d40b1e232183f64009): Total: 0.006 seconds - Initiated by RefreshV2(AllowForceSynchronousImport)
Start Indexing on Editor startup
[Indexing] Starting Initial Indexing for Assets
Starting new worker id: 1 with log in C:/Users/sergi/Documents/GitHub/balls/Logs/AssetImportWorkerHW1.log
[Worker0] Imported GUID: f247964bd405431fbd31840f97bef608 - Path: Packages/com.unity.multiplayer.center/Common - Importer: PreviewImporter -> (ImportResultId: '5ba72ee80d4fa98022172603f8a386e8') in 0.1292763 seconds
[Worker0] Imported GUID: 84abd2ab34a74600a33a3bb9d72859fe - Path: Packages/com.unity.multiplayer.center/Common/Unity.Multiplayer.Center.Common.asmdef - Importer: PreviewImporter -> (ImportResultId: '9bdf4773254a1996dd57bddf02145233') in 0.0008496 seconds
Worker ready: AssetImportWorkerHW1 1
Launched and connected shader compiler UnityShaderCompiler.exe after 0.02 seconds
Launched and connected shader compiler UnityShaderCompiler.exe after 0.02 seconds
Launched and connected shader compiler UnityShaderCompiler.exe after 0.03 seconds
Launched and connected shader compiler UnityShaderCompiler.exe after 0.04 seconds
Launched and connected shader compiler UnityShaderCompiler.exe after 0.08 seconds
TrimDiskCacheJob: Current cache size 0mb
Asset Pipeline Refresh (id=25f3cfc1fccacfd4ea630c48362b7cfd): Total: 0.005 seconds - Initiated by RefreshV2(AllowForceSynchronousImport)
Asset Pipeline Refresh (id=b900a97f1d264c249abe81e9b6a604b8): Total: 0.005 seconds - Initiated by RefreshV2(AllowForceSynchronousImport)
Importing 'GUID: 76b9a919e4a23f542b0088510060c1f2 - Path: Assets/Scenes.unity' with importer (DefaultImporter)
Imported 'GUID: 76b9a919e4a23f542b0088510060c1f2' -> (Import Result ID: '5c0de1df0f961e22e5cab82710cbdcee') in 0.009 seconds [static dependencies only]. Details - ImportResultOutputID=3c866073c2367701dee1a18fcfb3496b DependenciesID=70dc1dbaff4030b20b6db148632951d2 StaticDependenciesID=a3a04cbfc51c496bb5ad86da91ee5478 
Asset Pipeline Refresh (id=487f2c6153113014690da9b9ce6502e2): Total: 0.039 seconds - Initiated by StopAssetImportingV2(NoUpdateAssetOptions)
[Worker0] Imported GUID: 76b9a919e4a23f542b0088510060c1f2 - Path: Assets/Scenes.unity - Importer: ScriptedImporter/UnityEditor.QuickSearchModule:UnityEditor.Search:ASIAI0B -> (ImportResultId: 'c14184ed45ae723aa713a8a4dbc58935') in 0.0803221 seconds
Asset Pipeline Refresh (id=cc70bfa4c4be1b44b97320b392fe1e67): Total: 0.019 seconds - Initiated by RefreshV2(AllowForceSynchronousImport)
Asset Pipeline Refresh (id=e29c0917737747141b1e4198c9253544): Total: 0.005 seconds - Initiated by RefreshV2(AllowForceSynchronousImport)
[Worker0] Imported GUID: 00000000000000001000000000000000 - Path: Assets - Importer: PreviewImporter -> (ImportResultId: '241dc6ce296e0f395a599982586f164f') in 0.0016282 seconds
Importing 'GUID: b4809e15937d355418d95c8af3b8e7bc - Path: Assets/Scenes' with importer (DefaultImporter)
Imported 'GUID: b4809e15937d355418d95c8af3b8e7bc' -> (Import Result ID: '551c9e99a1c55642ba86c94679abc16b') in 0.017 seconds [static dependencies only]. Details - ImportResultOutputID=fb5e2c69aded7acceb32cfd4e47ee832 DependenciesID=273e74bf6008f275dd4a4abfca847b5d StaticDependenciesID=428a6dcf77d3832fe4a7371ff7a86832 
Asset Pipeline Refresh (id=a61dc4bf189b84d499e42800bbec2430): Total: 0.040 seconds - Initiated by StopAssetImportingV2(NoUpdateAssetOptions)
[Worker0] Imported GUID: b4809e15937d355418d95c8af3b8e7bc - Path: Assets/Scenes - Importer: PreviewImporter -> (ImportResultId: 'cf4cf33ca334e54b64a5312f8095bd04') in 0.0006016 seconds
[Worker0] Imported GUID: b4809e15937d355418d95c8af3b8e7bc - Path: Assets/Scenes - Importer: ScriptedImporter/UnityEditor.QuickSearchModule:UnityEditor.Search:ASIAI0B -> (ImportResultId: '5f9e567ed15ab770066dc37f02420377') in 0.0108637 seconds
Asset Pipeline Refresh (id=ce8238dcf53e9c44f949685142b7959a): Total: 0.017 seconds - Initiated by StopAssetImportingV2(NoUpdateAssetOptions)
Asset Pipeline Refresh (id=b1e1b2b64d5f0e04b83cc1c401389945): Total: 0.000 seconds - Initiated by StopAssetImportingV2(NoUpdateAssetOptions)
[Worker0] Imported GUID: 76b9a919e4a23f542b0088510060c1f2 - Path: Assets/Scenes/Scenes.unity - Importer: ScriptedImporter/UnityEditor.QuickSearchModule:UnityEditor.Search:ASIAI0B -> (ImportResultId: '4177adec34f1974e920f57a9cba665b0') in 0.0116253 seconds
Request Asset Garbage Collect because used heap size increased from 205.2 MB to 464.3 MB, exceeding the threshold of 256.0 MB.
Unloading 1 Unused Serialized files (Serialized files now loaded: 0)
Unloading 67 unused Assets / (46.5 MB). Loaded Objects now: 1984.
Memory consumption went from 463.6 MB to 417.1 MB.
Total: 16.170400 ms (FindLiveObjects: 0.116300 ms CreateObjectMapping: 0.029200 ms MarkObjects: 12.137100 ms  DeleteObjects: 3.886500 ms)

[Licensing::Client] Successfully resolved entitlement details
AcceleratorClientConnectionCallback - disconnected - :0
Importing 'GUID: 00000000000000004000000000000000 - Path: ProjectSettings/ProjectSettings.asset' with importer (LibraryAssetImporter)
Imported 'GUID: 00000000000000004000000000000000' -> (Import Result ID: '4bd1ef001ed41e4bb9b5d0c4e11a87ad') in 0.001 seconds [static dependencies only]. Details - ImportResultOutputID=276a810dac73e1f29404d5e5f692e214 DependenciesID=fb0396f3f826ffaa597a1670e719da90 StaticDependenciesID=86534473afd004aa0b648a79d3b0f768 
Asset Pipeline Refresh (id=e771c6bbb8d161f43b2853f58522df7e): Total: 0.015 seconds - Initiated by StopAssetImportingV2(NoUpdateAssetOptions)
Directory monitor buffer overflow for 'Library/BuildInstructions'Next Refresh will do full enumeration.Scanning for USB devices : 6.951ms
Scanning for USB devices : 4.370ms
Scanning for USB devices : 4.971ms
Scanning for USB devices : 4.386ms
