[Licensing::Module] Trying to connect to existing licensing client channel...
Built from '6000.5/staging' branch; Version is '6000.5.1f1 (0d9463e84828) revision 889955'; Using compiler version '194234433'; Build Type 'Release'
[Licensing::IpcConnector] Successfully connected to: "LicenseClient-sergi" at "2026-06-29T15:51:18.2795032Z"
OS: 'Windows 11  (10.0.26200) Professional' Language: 'de' Physical Memory: 32189 MB
BatchMode: 0, IsHumanControllingUs: 1, StartBugReporterOnCrash: 1, Is64bit: 1
System  architecture: x64
Process architecture: x64
Date: 2026-06-29T15:51:18Z

COMMAND LINE ARGUMENTS:
C:\Program Files\Unity\Hub\Editor\6000.5.1f1\Editor\Unity.exe
-projectpath
C:\Users\sergi\Documents\GitHub\balls
-acceptSoftwareTermsForThisRunOnly
-useHub
-hubIPC
-cloudEnvironment
production
-buildTarget
StandaloneWindows64
-licensingIpc
LicenseClient-sergi
-hubSessionId
3f52e7a3-2ca8-4e8f-8589-1f8b8af233cc
-accessToken
RU1NyFxj2G2fi0w92vQUUbxRnbFGn6JXq0yipcwpofc008f
Successfully changed project path to: C:\Users\sergi\Documents\GitHub\balls
C:/Users/sergi/Documents/GitHub/balls
[UnityMemory] Configuration Parameters - Can be set up in boot.config
    "memorysetup-temp-allocator-size-gi-baking-worker=262144"
    "memorysetup-temp-allocator-size-gi-baking-worker=262144"
    "memorysetup-temp-allocator-size-gi-baking-worker=262144"
    "memorysetup-temp-allocator-size-gi-baking-worker=262144"
    "memorysetup-temp-allocator-size-gi-baking-worker=262144"
    "memorysetup-temp-allocator-size-nav-mesh-worker=65536"
    "memorysetup-temp-allocator-size-audio-worker=65536"
    "memorysetup-temp-allocator-size-cloud-worker=32768"
    "memorysetup-temp-allocator-size-gfx=262144"
    "memorysetup-temp-allocator-size-preload-manager=33554432"
    "memorysetup-allocator-temp-initial-block-size-main=262144"
    "memorysetup-allocator-temp-initial-block-size-worker=262144"
    "memorysetup-temp-allocator-size-job-worker=262144"
    "memorysetup-temp-allocator-size-background-worker=32768"
    "memorysetup-bucket-allocator-granularity=16"
    "memorysetup-bucket-allocator-bucket-count=8"
    "memorysetup-bucket-allocator-block-size=33554432"
    "memorysetup-bucket-allocator-block-count=8"
    "memorysetup-main-allocator-block-size=16777216"
    "memorysetup-thread-allocator-block-size=16777216"
    "memorysetup-main-allocator-mimalloc-enabled=0"
    "memorysetup-gfx-main-allocator-block-size=16777216"
    "memorysetup-gfx-thread-allocator-block-size=16777216"
    "memorysetup-cache-allocator-block-size=4194304"
    "memorysetup-typetree-allocator-block-size=2097152"
    "memorysetup-profiler-bucket-allocator-granularity=16"
    "memorysetup-profiler-bucket-allocator-bucket-count=8"
    "memorysetup-profiler-bucket-allocator-block-size=33554432"
    "memorysetup-profiler-bucket-allocator-block-count=8"
    "memorysetup-profiler-allocator-block-size=16777216"
    "memorysetup-profiler-editor-allocator-block-size=1048576"
    "memorysetup-temp-allocator-size-main=16777216"
    "memorysetup-job-temp-allocator-block-size=2097152"
    "memorysetup-job-temp-allocator-block-size-background=1048576"
    "memorysetup-job-temp-allocator-reduction-small-platforms=262144"
Player connection [36568]  Target information:

Player connection [36568]  * "[IP] 192.168.56.1 [Port] 55504 [Flags] 2 [Guid] 2730867230 [EditorId] 2730867230 [Version] 1048832 [Id] WindowsEditor(7,Sergius-Laptop) [Debug] 1 [PackageName] WindowsEditor [ProjectName] Editor" 

Player connection [36568]  * "[IP] 192.168.178.149 [Port] 55504 [Flags] 2 [Guid] 2730867230 [EditorId] 2730867230 [Version] 1048832 [Id] WindowsEditor(7,Sergius-Laptop) [Debug] 1 [PackageName] WindowsEditor [ProjectName] Editor" 

Player connection [36568] Host joined multi-casting on [225.0.0.222:54997]...
Player connection [36568] Host joined alternative multi-casting on [225.0.0.222:34997]...
Input System module state changed to: Initialized.
[Physics::Module] Initialized fallback backend.
[Physics::Module] Id: 0xdecafbad
[Licensing::Client] Error: HandshakeResponse reported an error:
	ResponseCode: 505
	ResponseStatus: Unsupported protocol version '1.18.1'.
[Licensing::Module] Error: Failed to handshake to channel: "LicenseClient-sergi"
[Licensing::IpcConnector] LicenseClient-sergi channel disconnected successfully.
[Licensing::IpcConnector] Channel LicenseClient-sergi-6000.5.1 doesn't exist
[Licensing::Module] Successfully launched the LicensingClient (PId: 16628)
[Package Manager] Connected to IPC stream "Upm-36532" after 0.3 seconds.
[Licensing::Module] Licensing is not yet initialized.
Starting IPC server.
[Licensing::IpcConnector] Successfully connected to: "LicenseClient-sergi-6000.5.1" at "2026-06-29T15:51:19.5099842Z"
[Licensing::Client] Code 10 while verifying Licensing Client signature (process Id: 16628, path: "C:/Program Files/Unity/Hub/Editor/6000.5.1f1/Editor/Data/Resources/Licensing/Client/Unity.Licensing.Client.exe")
[Licensing::Module] LicensingClient has failed validation; ignoring
Waiting for clients to connect on \\.\pipe\Unity-LicenseClient-sergi-6000.5.1, press Ctrl-C to exit.
[Licensing::Client] Handshaking with LicensingClient:
  Version:                 1.18.1+9fbee8e
  Session Id:              505d525989284483abdf6af90843773d
  Correlation Id:          bbdaac2b1ff343438a61a33867d37283
  External correlation Id: 2829802434354231140
  Machine Id:              xrl2/uZIKZBQrD+SGxE8QWCvJ8U=
[Licensing::Module] Successfully connected to LicensingClient on channel: "LicenseClient-sergi-6000.5.1" (connect: 0.37s, validation: 0.46s, handshake: 0.00s)
[Licensing::IpcConnector] Successfully connected to: "LicenseClient-sergi-6000.5.1-notifications" at "2026-06-29T15:51:19.9755891Z"
[Licensing::Module] Connected to LicensingClient (PId: 16628, launch time: 0.01, total connection time: 0.84s)
[Licensing::Client] Successfully updated the access token
[Licensing::Module] Successfully updated the access token RU1NyFxj2G...
[Licensing::Client] Successfully resolved entitlement details
[Licensing::Module] License group:
  Id: 9072411395261-UnityPersXXXX
  Product: Unity Personal
  Type: Assigned
  Expiration: Unlimited
[Licensing::Client] Successfully updated license, isAsync: True, time: 0.02
[Licensing::Client] Successfully resolved entitlement details
[Licensing::Module] Licensing Background thread has ended after 1.89s
[Licensing::Module] Licensing is initialized (took 1.01s).
[Licensing::Client] Successfully resolved entitlement details
Library Redirect Path: Library/
[Physics::Module] Selected backend.
[Physics::Module] Name: PhysX
[Physics::Module] Id: 0xf2b8ea05
[Physics::Module] SDK Version: 4.1.2
[Physics::Module] Integration Version: 1.0.0
[Physics::Module] Threading Mode: Multi-Threaded
Artifact Garbage Collection - Removed 55 unused hashed content files
Targeting platform: StandaloneWindows64
Initialize engine version: 6000.5.1f1 (0d9463e84828)
[Subsystems] Discovering subsystems at path C:/Program Files/Unity/Hub/Editor/6000.5.1f1/Editor/Data/Resources/UnitySubsystems
[Subsystems] Discovering subsystems at path C:/Users/sergi/Documents/GitHub/balls/Assets
[D3D12 Device Filter] Vendor Name: Intel
[D3D12 Device Filter] Device Name: Intel(R) Arc(TM) Graphics
[D3D12 Device Filter] Driver Version: 32.0.101.8132
[D3D12 Device Filter] Feature Level: 12.2
[D3D12 Device Filter] Graphics Memory: 18347 MB
[D3D12 Device Filter] Processor Count: 22
[D3D12 Device Filter] Device Type: Integrated
[D3D12 Device Filter] D3D12 API denied by user filter(s): {"Vendor": "Intel", "Device Type:": Integrated}, but allowed by user filter(s): {"Feature Level Comparator": Greater Than Or Equal To"Feature Level": "12.2", "Device Type:": Integrated}
GfxDevice: creating device client; kGfxThreadingModeSplitJobs
d3d12: failed to query info queue interface (0x80004002).
Direct3D:
    Version:         Direct3D 12 [level 12.2]
    Renderer:        Intel(R) Arc(TM) Graphics (ID=0x7d55)
    Vendor:          Intel
    VRAM:            18347 MB
    App VRAM Budget: 17579 MB
    Driver:          32.0.101.8132
    Unified Memory Architecture
Initialize mono
Mono path[0] = 'C:/Program Files/Unity/Hub/Editor/6000.5.1f1/Editor/Data/Managed'
Mono path[1] = 'C:/Program Files/Unity/Hub/Editor/6000.5.1f1/Editor/Data/BCLExtensions/runtime/netstandard2.1'
Mono path[2] = 'C:/Program Files/Unity/Hub/Editor/6000.5.1f1/Editor/Data/MonoBleedingEdge/lib/mono/unityjit-win32'
Mono config path = 'C:/Program Files/Unity/Hub/Editor/6000.5.1f1/Editor/Data/MonoBleedingEdge/etc'
Using monoOptions --debugger-agent=transport=dt_socket,embedding=1,server=y,suspend=n,address=127.0.0.1:56532
CodeReloadManager initialized
ImportWorker Server TCP listen port: 0
AcceleratorClientConnectionCallback - disconnected - :0
Begin MonoManager ReloadAssembly
Registering precompiled unity dll's ...
Register platform support module: C:/Program Files/Unity/Hub/Editor/6000.5.1f1/Editor/Data/PlaybackEngines/WebGLSupport/UnityEditor.WebGL.Extensions.dll
Register platform support module: C:/Program Files/Unity/Hub/Editor/6000.5.1f1/Editor/Data/PlaybackEngines/WindowsStandaloneSupport/UnityEditor.WindowsStandalone.Extensions.dll
Registered in 0.003223 seconds.
Native extension for WindowsStandalone target not found
Native extension for WebGL target not found
Package Manager log level set to [2]
ScheduleIndexationOnStartup MainProcess:False IndexOnStartup:True
Mono: successfully reloaded assembly
- Finished resetting the current domain, in  0.372 seconds
Domain Reload Profiling: 872ms
	BeginReloadAssembly (141ms)
		CreateAndSetChildDomain (11ms)
	RebuildCommonClasses (4ms)
	RebuildNativeTypeToScriptingClass (15ms)
	initialDomainReloadingComplete (74ms)
	LoadAllAssembliesAndSetupDomain (264ms)
		LoadAssemblies (125ms)
		AnalyzeDomain (188ms)
			TypeCache.Refresh (188ms)
				TypeCache.ScanAssembly (175ms)
	FinalizeReload (375ms)
		SetupLoadedEditorAssemblies (0ms)
			InitializePlatformSupportModulesInManaged (3ms)
			BeforeProcessingInitializeOnLoad (80ms)
			ProcessInitializeOnLoadAttributes (91ms)
			ProcessInitializeOnLoadMethodAttributes (135ms)
[Licensing::Client] Successfully resolved entitlement details
Application.AssetDatabase Initial Refresh Start
[Package Manager] Restoring resolved packages state from cache
[Licensing::Client] Successfully resolved entitlement details
[Package Manager] Registered 37 packages:
  Built-in packages:
    com.unity.multiplayer.center@1.0.1 (location: C:\Users\sergi\Documents\GitHub\balls\Library\PackageCache\com.unity.multiplayer.center@b860850997d0)
    com.unity.modules.accessibility@1.0.0 (location: C:\Users\sergi\Documents\GitHub\balls\Library\PackageCache\com.unity.modules.accessibility)
    com.unity.modules.adaptiveperformance@1.0.0 (location: C:\Users\sergi\Documents\GitHub\balls\Library\PackageCache\com.unity.modules.adaptiveperformance)
    com.unity.modules.ai@1.0.0 (location: C:\Users\sergi\Documents\GitHub\balls\Library\PackageCache\com.unity.modules.ai)
    com.unity.modules.androidjni@1.0.0 (location: C:\Users\sergi\Documents\GitHub\balls\Library\PackageCache\com.unity.modules.androidjni)
    com.unity.modules.animation@1.0.0 (location: C:\Users\sergi\Documents\GitHub\balls\Library\PackageCache\com.unity.modules.animation)
    com.unity.modules.assetbundle@1.0.0 (location: C:\Users\sergi\Documents\GitHub\balls\Library\PackageCache\com.unity.modules.assetbundle)
    com.unity.modules.audio@1.0.0 (location: C:\Users\sergi\Documents\GitHub\balls\Library\PackageCache\com.unity.modules.audio)
    com.unity.modules.cloth@1.0.0 (location: C:\Users\sergi\Documents\GitHub\balls\Library\PackageCache\com.unity.modules.cloth)
    com.unity.modules.director@1.0.0 (location: C:\Users\sergi\Documents\GitHub\balls\Library\PackageCache\com.unity.modules.director)
    com.unity.modules.imageconversion@1.0.0 (location: C:\Users\sergi\Documents\GitHub\balls\Library\PackageCache\com.unity.modules.imageconversion)
    com.unity.modules.imgui@1.0.0 (location: C:\Users\sergi\Documents\GitHub\balls\Library\PackageCache\com.unity.modules.imgui)
    com.unity.modules.jsonserialize@1.0.0 (location: C:\Users\sergi\Documents\GitHub\balls\Library\PackageCache\com.unity.modules.jsonserialize)
    com.unity.modules.particlesystem@1.0.0 (location: C:\Users\sergi\Documents\GitHub\balls\Library\PackageCache\com.unity.modules.particlesystem)
    com.unity.modules.physics@1.0.0 (location: C:\Users\sergi\Documents\GitHub\balls\Library\PackageCache\com.unity.modules.physics)
    com.unity.modules.physics2d@1.0.0 (location: C:\Users\sergi\Documents\GitHub\balls\Library\PackageCache\com.unity.modules.physics2d)
    com.unity.modules.physicscore2d@1.0.0 (location: C:\Users\sergi\Documents\GitHub\balls\Library\PackageCache\com.unity.modules.physicscore2d)
    com.unity.modules.screencapture@1.0.0 (location: C:\Users\sergi\Documents\GitHub\balls\Library\PackageCache\com.unity.modules.screencapture)
    com.unity.modules.terrain@1.0.0 (location: C:\Users\sergi\Documents\GitHub\balls\Library\PackageCache\com.unity.modules.terrain)
    com.unity.modules.terrainphysics@1.0.0 (location: C:\Users\sergi\Documents\GitHub\balls\Library\PackageCache\com.unity.modules.terrainphysics)
    com.unity.modules.tilemap@1.0.0 (location: C:\Users\sergi\Documents\GitHub\balls\Library\PackageCache\com.unity.modules.tilemap)
    com.unity.modules.ui@1.0.0 (location: C:\Users\sergi\Documents\GitHub\balls\Library\PackageCache\com.unity.modules.ui)
    com.unity.modules.uielements@1.0.0 (location: C:\Users\sergi\Documents\GitHub\balls\Library\PackageCache\com.unity.modules.uielements)
    com.unity.modules.umbra@1.0.0 (location: C:\Users\sergi\Documents\GitHub\balls\Library\PackageCache\com.unity.modules.umbra)
    com.unity.modules.unityanalytics@1.0.0 (location: C:\Users\sergi\Documents\GitHub\balls\Library\PackageCache\com.unity.modules.unityanalytics)
    com.unity.modules.unitywebrequest@1.0.0 (location: C:\Users\sergi\Documents\GitHub\balls\Library\PackageCache\com.unity.modules.unitywebrequest)
    com.unity.modules.unitywebrequestassetbundle@1.0.0 (location: C:\Users\sergi\Documents\GitHub\balls\Library\PackageCache\com.unity.modules.unitywebrequestassetbundle)
    com.unity.modules.unitywebrequestaudio@1.0.0 (location: C:\Users\sergi\Documents\GitHub\balls\Library\PackageCache\com.unity.modules.unitywebrequestaudio)
    com.unity.modules.unitywebrequesttexture@1.0.0 (location: C:\Users\sergi\Documents\GitHub\balls\Library\PackageCache\com.unity.modules.unitywebrequesttexture)
    com.unity.modules.unitywebrequestwww@1.0.0 (location: C:\Users\sergi\Documents\GitHub\balls\Library\PackageCache\com.unity.modules.unitywebrequestwww)
    com.unity.modules.vectorgraphics@1.0.0 (location: C:\Users\sergi\Documents\GitHub\balls\Library\PackageCache\com.unity.modules.vectorgraphics)
    com.unity.modules.vehicles@1.0.0 (location: C:\Users\sergi\Documents\GitHub\balls\Library\PackageCache\com.unity.modules.vehicles)
    com.unity.modules.video@1.0.0 (location: C:\Users\sergi\Documents\GitHub\balls\Library\PackageCache\com.unity.modules.video)
    com.unity.modules.wind@1.0.0 (location: C:\Users\sergi\Documents\GitHub\balls\Library\PackageCache\com.unity.modules.wind)
    com.unity.modules.xr@1.0.0 (location: C:\Users\sergi\Documents\GitHub\balls\Library\PackageCache\com.unity.modules.xr)
    com.unity.modules.subsystems@1.0.0 (location: C:\Users\sergi\Documents\GitHub\balls\Library\PackageCache\com.unity.modules.subsystems)
    com.unity.modules.hierarchycore@1.0.0 (location: C:\Users\sergi\Documents\GitHub\balls\Library\PackageCache\com.unity.modules.hierarchycore)
[Subsystems] No new subsystems found in resolved package list.
[Package Manager] Done registering packages in 0.20 seconds
info: Microsoft.Hosting.Lifetime[14]
      Now listening on: http://localhost:80
info: Microsoft.Hosting.Lifetime[0]
      Application started. Press Ctrl+C to shut down.
info: Microsoft.Hosting.Lifetime[0]
      Hosting environment: Production
info: Microsoft.Hosting.Lifetime[0]
      Content root path: C:\Users\sergi\Documents\GitHub\balls
info: Microsoft.AspNetCore.Hosting.Diagnostics[1]
      Request starting HTTP/2 POST http://ilpp/UnityILPP.PostProcessing/Ping - application/grpc -
info: Microsoft.AspNetCore.Routing.EndpointMiddleware[0]
      Executing endpoint 'gRPC - /UnityILPP.PostProcessing/Ping'
info: Microsoft.AspNetCore.Routing.EndpointMiddleware[1]
      Executed endpoint 'gRPC - /UnityILPP.PostProcessing/Ping'
info: Microsoft.AspNetCore.Hosting.Diagnostics[2]
      Request finished HTTP/2 POST http://ilpp/UnityILPP.PostProcessing/Ping - 200 - application/grpc 27.3773ms
Starting: C:\Program Files\Unity\Hub\Editor\6000.5.1f1\Editor\Data\Tools\BuildPipeline\bee_backend.exe --ipc --defer-dag-verification --dagfile="Library/Bee/1900b0aE.dag" --continue-on-failure --profile="Library/Bee/backend1.traceevents" ScriptAssemblies
WorkingDir: C:/Users/sergi/Documents/GitHub/balls
ExitCode: 0 Duration: 0s135ms
*** Tundra build success (0.06 seconds), 0 items updated, 169 evaluated
AssetDatabase: script compilation time: 0.547866s
Begin MonoManager ReloadAssembly
Native extension for WindowsStandalone target not found
Native extension for WebGL target not found
ScheduleIndexationOnStartup MainProcess:True IndexOnStartup:True
Mono: successfully reloaded assembly
- Finished resetting the current domain, in  0.410 seconds
Domain Reload Profiling: 914ms
	BeginReloadAssembly (338ms)
		DisableScriptedObjects (39ms)
		CreateAndSetChildDomain (161ms)
	RebuildCommonClasses (7ms)
	RebuildNativeTypeToScriptingClass (14ms)
	initialDomainReloadingComplete (44ms)
	LoadAllAssembliesAndSetupDomain (98ms)
		LoadAssemblies (99ms)
		AnalyzeDomain (12ms)
			TypeCache.Refresh (5ms)
			BuildScriptInfoCaches (4ms)
	FinalizeReload (413ms)
		SetupLoadedEditorAssemblies (0ms)
			BeforeProcessingInitializeOnLoad (77ms)
			ProcessInitializeOnLoadAttributes (84ms)
			ProcessInitializeOnLoadMethodAttributes (63ms)
			AfterProcessingInitializeOnLoad (8ms)
		AwakeInstancesAfterBackupRestoration (20ms)
Starting new worker id: 0 with log in C:/Users/sergi/Documents/GitHub/balls/Logs/AssetImportWorkerHW0.log

Asset Pipeline Refresh (id=7030b809899534645bbb29cccce879cc): Total: 1.845 seconds - Initiated by InitialRefreshV2(ForceSynchronousImport)
	(Values over 0.05ms)
	Summary:
		Imports: total=0 (actual=0, local cache=0, cache server=0)
		Asset DB Process Time: managed=0 ms, native=526 ms
		Asset DB Callback time: managed=18 ms, native=198 ms
		Scripting: domain reloads=1, domain reload time=541 ms, compile time=550 ms, other=9 ms
		Project Asset Count: scripts=113, non-scripts=81
		Asset File Changes: new=0, changed=0, moved=0, deleted=0
		Scan Filter Count: 0
	InvokePackagesCallback: 201.596ms
	ApplyChangesToAssetFolders: 0.468ms
	Scan: 25.643ms
	Collect global state as custom dependencies: 2.894ms
	CategorizeScriptCompilationAssets: 0.210ms
	ProcessAssetsWithTransientArtifactChanges: 0.900ms
	CategorizeAssets: 1.238ms
	CompileScripts: 549.822ms
	ImportOutOfDateAssets: 428.511ms (414.253ms without children)
		UnloadImportedAssets: 0.090ms
		ImportSchedulerStart: 14.137ms
	PostProcessAllAssets: 18.056ms
		MonoPostProcessAllAssets: 18.001ms
			WindowAssetPostprocessingWatcher.OnPostprocessAllAssets 6.973ms
			SyncVS.PostprocessSyncProject 1.775ms
			SpeedTree9Postprocessor.OnPostprocessAllAssets 0.686ms
			ReferencedClipsPostProcessor.OnPostprocessAllAssets 0.339ms
			TerrainToolbarOverlayPostProcessor.OnPostprocessAllAssets 0.183ms
			AssetDatabaseCallbacks.OnPostprocessAllAssets 0.157ms
			RenderPipelineGlobalSettingsPostprocessor.OnPostprocessAllAssets 0.081ms
	UnloadStreamsBegin: 1.292ms
	GenerateScriptTypeHashes: 0.236ms
	GenerateScriptTypeSerializationHashes: 0.477ms
	Untracked: 589.275ms

Application.AssetDatabase Initial Refresh End
Launched and connected shader compiler UnityShaderCompiler.exe after 0.02 seconds
Scanning for USB devices : 3.635ms
Initializing Unity extensions:
[MODES] ModeService[none].Initialize
[MODES] ModeService[none].LoadModes
[MODES] Loading mode Default (0) for mode-current-id-balls
Unloading 3 Unused Serialized files (Serialized files now loaded: 0)
Unloading 76 unused Assets / (0.5 MB). Loaded Objects now: 730.
Memory consumption went from 205.1 MB to 204.5 MB.
Total: 4.006200 ms (FindLiveObjects: 0.062800 ms CreateObjectMapping: 0.025100 ms MarkObjects: 3.693800 ms  DeleteObjects: 0.218400 ms)

[LAYOUT] About to load UserSettings\Layouts\default-6000.dwlt, keepMainWindow=False
[LAYOUT] About to save layout C:\Users\sergi\Documents\GitHub\balls\UserSettings\Layouts\default-6000.dwlt
[LAYOUT] About to save layout C:/Users/sergi/AppData/Roaming/Unity/Editor-5.x/Preferences\Layouts\current\default-6000.dwlt
[MODES] ModeService[default].InitializeCurrentMode
[MODES] ModeService[default].RaiseModeChanged(default, default)
This project uses Input Manager, which is marked for deprecation. To manage input in your project, use the <a href="https://docs.unity3d.com/Packages/com.unity.inputsystem@latest">Input System package</a> instead.
<RI> Initializing input.
<RI> Input initialized.
[Project] Loading completed in 6.644 seconds
	Project init time: 				5.198 seconds
		Template init time: 		0.000 seconds
		Package Manager init time: 		1.299 seconds
		Asset Database init time: 		0.528 seconds
		Global illumination init time: 	0.003 seconds
		Assemblies load time: 			0.925 seconds
		Unity extensions init time: 	0.001 seconds
		Asset Database refresh time: 	1.845 seconds
	Scene opening time: 			0.811 seconds
##utp:{"type":"ProjectInfo","version":2,"phase":"Immediate","time":1782748284908,"processId":36532,"projectLoad":6.644162,"projectInit":5.1977418,"templateInit":0.0,"packageManagerInit":1.2992162,"assetDatabaseInit":0.5275978,"globalIlluminationInit":0.0026662,"assembliesLoad":0.9254766,"unityExtensionsInit":0.0007016,"assetDatabaseRefresh":1.8454441,"sceneOpening":0.8113508}
##utp:{"type":"EditorInfo","version":2,"phase":"Immediate","time":1782748284908,"processId":36532,"editorVersion":"6000.5.1f1 (0d9463e84828)","branch":"6000.5/staging","buildType":"Release","platform":"Windows"}
Asset Pipeline Refresh (id=17bffeed680826d469bc968d00679742): Total: 0.036 seconds - Initiated by RefreshV2(AllowForceSynchronousImport)
Worker ready: AssetImportWorkerHW0 0
Dynamic Batching is deprecated and will be removed in a future release. Use GPU Instancing instead. Disable Dynamic Batching in Project Settings > Player > Other Settings to remove this warning.
UnityEngine.Debug:ExtractStackTraceNoAlloc (byte*,int,string)
UnityEngine.StackTraceUtility:ExtractStackTrace ()
UnityEngine.DebugLogHandler:Internal_Log (UnityEngine.LogType,UnityEngine.LogOption,string,UnityEngine.Object)
UnityEngine.DebugLogHandler:LogFormat (UnityEngine.LogType,UnityEngine.Object,string,object[])
UnityEngine.Logger:Log (UnityEngine.LogType,object)
UnityEngine.Debug:LogWarning (object)
UnityEditor.PlayerSettingsBatchingWarning:WarnIfDynamicBatchingEnabled ()
UnityEditor.EditorApplication:Internal_CallUpdateFunctions ()

Start Indexing on Editor startup
[Indexing] Starting Initial Indexing for Assets
Created GICache directory at C:/Users/sergi/AppData/LocalLow/Unity/Caches/GiCache. Took: 0.019s, timestamps: [7.815 - 7.833]
[Licensing::Client] Successfully resolved entitlement details
[Licensing::Client] Successfully resolved entitlement details
[Licensing::Client] Successfully updated the access token
[Licensing::Module] Successfully updated access token: "RU1NyFxj"... (expires: 2026-06-29T16:40:35Z)
TrimDiskCacheJob: Current cache size 0mb
MonoPathRemapper: Attempts to remap: 4435; Successful remaps: 368
Serialized file version minimum: 23, current 23
[LAYOUT] About to save layout C:\Users\sergi\Documents\GitHub\balls\UserSettings\Layouts\default-6000.dwlt
[LAYOUT] About to save layout C:/Users/sergi/AppData/Roaming/Unity/Editor-5.x/Preferences\Layouts\current\default-6000.dwlt
[Physics::Module] Cleanup current backend.
[Physics::Module] Id: 0xf2b8ea05
Input System module state changed to: ShutdownInProgress.
Input Polling Thread exited.
Input System module state changed to: Shutdown.
[Licensing::IpcConnector] LicenseClient-sergi-6000.5.1-notifications channel disconnected successfully.
[Licensing::IpcConnector] LicenseClient-sergi-6000.5.1 channel disconnected successfully.
AcceleratorClientConnectionCallback - disconnected - :0
Cleanup mono
CodeReloadManager destroyed
Shut down.
abort_threads: Failed aborting id: 00000000000005C8, mono_thread_manage will ignore it

abort_threads: Failed aborting id: 00000000000048AC, mono_thread_manage will ignore it

abort_threads: Failed aborting id: 00000000000005C8, mono_thread_manage will ignore it

abort_threads: Failed aborting id: 00000000000048AC, mono_thread_manage will ignore it

debugger-agent: Unable to listen on 4024
Checking for leaked weakptr:
  Found no leaked weakptrs.
[Package Manager] Server process was shutdown
##utp:{"type":"MemoryLeaks","version":2,"phase":"Immediate","time":1782748341786,"processId":36532,"allocatedMemory":46355804,"memoryLabels":[{"Default":173155},{"Permanent":15516},{"NewDelete":68453},{"Thread":4205176},{"Manager":36168},{"VertexData":8},{"Geometry":816},{"Texture":24},{"Shader":848459},{"Material":24},{"GfxDevice":61400},{"Animation":952},{"Audio":1256},{"FreeType":8},{"FontEngine":736},{"Physics":2146},{"Physics2D":16},{"Serialization":144264},{"Input":42840},{"JobScheduler":256},{"TextLib":29526},{"Mono":48},{"ScriptingNativeRuntime":674964},{"BaseObject":1676009},{"Resource":1208},{"Renderer":3080},{"Transform":4685},{"File":21855},{"WebCam":616},{"Culling":32},{"Terrain":11442},{"Wind":24},{"STL":40},{"String":9551},{"StaticString":3808},{"Utility":2674762},{"Curl":48},{"PoolAlloc":2168},{"AI":80},{"TypeTree":8869},{"CodeReload":448},{"RuntimeInitializeOnLoadManager":64},{"Sprites":102},{"SpriteAtlas":120},{"GI":7816},{"Director":8296},{"CloudService":7096},{"WebRequest":6637},{"VR":47114},{"SceneManager":608},{"Video":208},{"LazyScriptCache":32},{"NativeArray":33043024},{"Camera":337},{"Secure":265},{"SerializationCache":1576},{"APIUpdating":10320},{"Subsystems":336},{"VirtualTexturing":57888},{"StaticSafetyDebugInfo":278528},{"Analytics":552},{"Hierarchy":1176},{"UIElements":1073008},{"CoreStats":13688},{"Identifiers":13536},{"Gui":267480},{"EditorUtility":244036},{"VersionControl":8},{"Undo":931},{"AssetDatabase":494312},{"AssetImporter":40},{"EditorGi":328},{"UnityConnect":35345},{"Upm":1988},{"UpmDiagnostics":8},{"AssetCompliance":64},{"DrivenProperties":72},{"LocalIPC":211},{"ProfilerEditor":9746},{"CoreBusinessMetrics":2892},{"Windowing":456},{"Licensing":664},{"AssetReference":32},{"IPCStream":32}]}
