[2026-06-29T15:53:20.430Z][INFO] Command-line: 'C:\\Program Files\\Unity\\Hub\\Editor\\6000.5.1f1\\Editor\\Data\\Resources\\PackageManager\\Server\\UnityPackageManager.exe' server -s 33192 --ipc-path Unity-Upm-33192 -l 2 --log-file C:\\Users\\sergi\\Documents\\GitHub\\balls/Logs/upm.log
[2026-06-29T15:53:20.491Z][INFO] IPC server started (IPC path=Unity-Upm-33192).
[2026-06-29T15:53:20.491Z][INFO] Hint: To connect to this UPM instance, launch Unity with the command-line parameter -upmIpcPath Upm-33192.
[2026-06-29T15:53:23.146Z][INFO] project:list-packages <-- Request received
params: {}
[2026-06-29T15:53:23.248Z][INFO] project:list-packages --> 200 (102 ms)
[2026-06-29T15:53:23.254Z][INFO] config:project:get-registries <-- Request received
params: {}
[2026-06-29T15:53:23.257Z][INFO] config:project:get-registries --> 200 (4 ms)
[2026-06-29T15:53:23.268Z][INFO] project:list-packages <-- Request received
params: {}
[2026-06-29T15:53:23.320Z][INFO] project:list-packages --> 200 (52 ms)
[2026-06-29T15:53:25.076Z][INFO] project:list-packages <-- Request received
params: {}
[2026-06-29T15:53:25.090Z][INFO] project:list-packages <-- Request received
params: {}
[2026-06-29T15:53:25.157Z][INFO] config:project:get-registries <-- Request received
params: {}
[2026-06-29T15:53:25.162Z][INFO] config:project:get-registries --> 200 (5 ms)
[2026-06-29T15:53:25.162Z][INFO] project:list-packages --> 200 (86 ms)
[2026-06-29T15:53:25.162Z][INFO] project:list-packages --> 200 (72 ms)
[2026-06-29T15:53:26.181Z][INFO] project:list-packages <-- Request received
params: {}
[2026-06-29T15:53:26.231Z][INFO] project:list-packages --> 200 (50 ms)
